[06-02 13:27:10]: [INFO] Created column 'regdate' and set the current timestamp, 1622611630887, to all 0 rows
[06-02 13:27:10]: [INFO] SQLite Setup finished
[06-02 13:27:11]: [INFO] No supported permissions system found! Permissions are disabled!
[06-02 13:27:11]: [INFO] Hooked successfully into Essentials
[06-02 13:27:11]: [INFO] Essentials spawn file not found: 'D:\Building-server\plugins\Essentials\spawn.yml'
[06-02 13:27:11]: [WARN] WARNING! The protectInventory feature requires ProtocolLib! Disabling it...
[06-02 13:27:11]: [INFO] AuthMe 5.6.0-SNAPSHOT build n.2464 successfully enabled!
[06-02 13:27:18]: [INFO] Downloading GEO IP database, because the old database is older than 30 days or doesn't exist
[06-02 13:27:18]: [WARN] No MaxMind credentials found in the configuration file! GeoIp protections will be disabled.
[06-02 13:27:18]: [INFO] There is no newer GEO IP database uploaded to MaxMind. Using the old one for now.
[06-02 13:27:18]: [WARN] Could not download GeoLiteAPI database [FileNotFoundException]: plugins\AuthMe\GeoLite2-Country.mmdb (系统找不到指定的文件。)
[06-02 13:27:18]: java.io.FileNotFoundException: plugins\AuthMe\GeoLite2-Country.mmdb (系统找不到指定的文件。)
	at java.io.RandomAccessFile.open0(Native Method)
	at java.io.RandomAccessFile.open(Unknown Source)
	at java.io.RandomAccessFile.<init>(Unknown Source)
	at fr.xephi.authme.libs.com.maxmind.db.BufferHolder.<init>(BufferHolder.java:20)
	at fr.xephi.authme.libs.com.maxmind.db.Reader.<init>(Reader.java:121)
	at fr.xephi.authme.service.GeoIpService.startReading(GeoIpService.java:173)
	at fr.xephi.authme.service.GeoIpService.updateDatabase(GeoIpService.java:144)
	at org.bukkit.craftbukkit.v1_16_R3.scheduler.CraftTask.run(CraftTask.java:81)
	at org.bukkit.craftbukkit.v1_16_R3.scheduler.CraftAsyncTask.run(CraftAsyncTask.java:54)
	at java.util.concurrent.ThreadPoolExecutor.runWorker(Unknown Source)
	at java.util.concurrent.ThreadPoolExecutor$Worker.run(Unknown Source)
	at java.lang.Thread.run(Unknown Source)

[06-02 13:30:14]: [INFO] AuthMe 5.6.0-SNAPSHOT-b2464 disabled!
